==60699== Memcheck, a memory error detector
==60699== Copyright (C) 2002-2017, and GNU GPL'd, by Julian Seward et al.
==60699== Using Valgrind-3.15.0-608cb11914-20190413 and LibVEX; rerun with -h for copyright info
==60699== Command: ./DeiChain
==60699== Parent PID: 13777
==60699== 
--60699-- 
--60699-- Valgrind options:
--60699--    --tool=memcheck
--60699--    --track-origins=yes
--60699--    --verbose
--60699--    --log-file=valgrind-double-free.log
--60699-- Contents of /proc/version:
--60699--   Linux version 5.4.0-214-generic (buildd@lcy02-amd64-062) (gcc version 9.4.0 (Ubuntu 9.4.0-1ubuntu1~20.04.2)) #234-Ubuntu SMP Fri Mar 14 23:50:27 UTC 2025
--60699-- 
--60699-- Arch and hwcaps: AMD64, LittleEndian, amd64-cx16-lzcnt-rdtscp-sse3-ssse3-avx-avx2-bmi-f16c-rdrand
--60699-- Page sizes: currently 4096, max supported 4096
--60699-- Valgrind library directory: /usr/lib/x86_64-linux-gnu/valgrind
--60699-- Reading syms from /mnt/hgfs/shared-folder/projetoSO/DeiChain
--60699-- Reading syms from /usr/lib/x86_64-linux-gnu/ld-2.31.so
--60699--   Considering /usr/lib/debug/.build-id/cb/904567e1b2a460b6fc20817776ad590d265686.debug ..
--60699--   .. build-id is valid
--60699-- Reading syms from /usr/lib/x86_64-linux-gnu/valgrind/memcheck-amd64-linux
--60699--    object doesn't have a symbol table
--60699--    object doesn't have a dynamic symbol table
--60699-- Scheduler: using generic scheduler lock implementation.
--60699-- Reading suppressions file: /usr/lib/x86_64-linux-gnu/valgrind/default.supp
==60699== embedded gdbserver: reading from /tmp/vgdb-pipe-from-vgdb-to-60699-by-user-on-???
==60699== embedded gdbserver: writing to   /tmp/vgdb-pipe-to-vgdb-from-60699-by-user-on-???
==60699== embedded gdbserver: shared mem   /tmp/vgdb-pipe-shared-mem-vgdb-60699-by-user-on-???
==60699== 
==60699== TO CONTROL THIS PROCESS USING vgdb (which you probably
==60699== don't want to do, unless you know exactly what you're doing,
==60699== or are doing some strange experiment):
==60699==   /usr/lib/x86_64-linux-gnu/valgrind/../../bin/vgdb --pid=60699 ...command...
==60699== 
==60699== TO DEBUG THIS PROCESS USING GDB: start GDB like this
==60699==   /path/to/gdb ./DeiChain
==60699== and then give GDB the following command
==60699==   target remote | /usr/lib/x86_64-linux-gnu/valgrind/../../bin/vgdb --pid=60699
==60699== --pid is optional if only one valgrind process is running
==60699== 
--60699-- REDIR: 0x4022e20 (ld-linux-x86-64.so.2:strlen) redirected to 0x580c9ce2 (???)
--60699-- REDIR: 0x4022bf0 (ld-linux-x86-64.so.2:index) redirected to 0x580c9cfc (???)
--60699-- Reading syms from /usr/lib/x86_64-linux-gnu/valgrind/vgpreload_core-amd64-linux.so
--60699--    object doesn't have a symbol table
--60699-- Reading syms from /usr/lib/x86_64-linux-gnu/valgrind/vgpreload_memcheck-amd64-linux.so
--60699--    object doesn't have a symbol table
==60699== WARNING: new redirection conflicts with existing -- ignoring it
--60699--     old: 0x04022e20 (strlen              ) R-> (0000.0) 0x580c9ce2 ???
--60699--     new: 0x04022e20 (strlen              ) R-> (2007.0) 0x0483f060 strlen
--60699-- REDIR: 0x401f600 (ld-linux-x86-64.so.2:strcmp) redirected to 0x483ffd0 (strcmp)
--60699-- REDIR: 0x4023380 (ld-linux-x86-64.so.2:mempcpy) redirected to 0x4843a20 (mempcpy)
--60699-- Reading syms from /usr/lib/x86_64-linux-gnu/librt-2.31.so
--60699--   Considering /usr/lib/debug/.build-id/15/6914d1ca12f93073b9bee298fee522aab29f3b.debug ..
--60699--   .. build-id is valid
--60699-- Reading syms from /usr/lib/x86_64-linux-gnu/libcrypto.so.1.1
--60699--    object doesn't have a symbol table
--60699-- Reading syms from /usr/lib/x86_64-linux-gnu/libpthread-2.31.so
--60699--   Considering /usr/lib/debug/.build-id/5c/fb896dd40f90aa8c6c8bb856004d1f5cfe293c.debug ..
--60699--   .. build-id is valid
--60699-- Reading syms from /usr/lib/x86_64-linux-gnu/libc-2.31.so
--60699--   Considering /usr/lib/debug/.build-id/03/23ab4806bee6f846d9ad4bccfc29afdca49a58.debug ..
--60699--   .. build-id is valid
--60699-- Reading syms from /usr/lib/x86_64-linux-gnu/libdl-2.31.so
--60699--   Considering /usr/lib/debug/.build-id/85/83c9275b218ec2eb39ccf93a8ffb0a516daca0.debug ..
--60699--   .. build-id is valid
--60699-- REDIR: 0x4c04480 (libc.so.6:memmove) redirected to 0x48331d0 (_vgnU_ifunc_wrapper)
--60699-- REDIR: 0x4c03780 (libc.so.6:strncpy) redirected to 0x48331d0 (_vgnU_ifunc_wrapper)
--60699-- REDIR: 0x4c047b0 (libc.so.6:strcasecmp) redirected to 0x48331d0 (_vgnU_ifunc_wrapper)
--60699-- REDIR: 0x4c030a0 (libc.so.6:strcat) redirected to 0x48331d0 (_vgnU_ifunc_wrapper)
--60699-- REDIR: 0x4c037e0 (libc.so.6:rindex) redirected to 0x48331d0 (_vgnU_ifunc_wrapper)
--60699-- REDIR: 0x4c05c50 (libc.so.6:rawmemchr) redirected to 0x48331d0 (_vgnU_ifunc_wrapper)
--60699-- REDIR: 0x4c20ce0 (libc.so.6:wmemchr) redirected to 0x48331d0 (_vgnU_ifunc_wrapper)
--60699-- REDIR: 0x4c20820 (libc.so.6:wcscmp) redirected to 0x48331d0 (_vgnU_ifunc_wrapper)
--60699-- REDIR: 0x4c045e0 (libc.so.6:mempcpy) redirected to 0x48331d0 (_vgnU_ifunc_wrapper)
--60699-- REDIR: 0x4c04410 (libc.so.6:bcmp) redirected to 0x48331d0 (_vgnU_ifunc_wrapper)
--60699-- REDIR: 0x4c03710 (libc.so.6:strncmp) redirected to 0x48331d0 (_vgnU_ifunc_wrapper)
--60699-- REDIR: 0x4c03150 (libc.so.6:strcmp) redirected to 0x48331d0 (_vgnU_ifunc_wrapper)
--60699-- REDIR: 0x4c04540 (libc.so.6:memset) redirected to 0x48331d0 (_vgnU_ifunc_wrapper)
--60699-- REDIR: 0x4c207e0 (libc.so.6:wcschr) redirected to 0x48331d0 (_vgnU_ifunc_wrapper)
--60699-- REDIR: 0x4c03670 (libc.so.6:strnlen) redirected to 0x48331d0 (_vgnU_ifunc_wrapper)
--60699-- REDIR: 0x4c03230 (libc.so.6:strcspn) redirected to 0x48331d0 (_vgnU_ifunc_wrapper)
--60699-- REDIR: 0x4c04800 (libc.so.6:strncasecmp) redirected to 0x48331d0 (_vgnU_ifunc_wrapper)
--60699-- REDIR: 0x4c031d0 (libc.so.6:strcpy) redirected to 0x48331d0 (_vgnU_ifunc_wrapper)
--60699-- REDIR: 0x4c04950 (libc.so.6:memcpy@@GLIBC_2.14) redirected to 0x48331d0 (_vgnU_ifunc_wrapper)
--60699-- REDIR: 0x4c21f50 (libc.so.6:wcsnlen) redirected to 0x48331d0 (_vgnU_ifunc_wrapper)
--60699-- REDIR: 0x4c20860 (libc.so.6:wcscpy) redirected to 0x48331d0 (_vgnU_ifunc_wrapper)
--60699-- REDIR: 0x4c03820 (libc.so.6:strpbrk) redirected to 0x48331d0 (_vgnU_ifunc_wrapper)
--60699-- REDIR: 0x4c03100 (libc.so.6:index) redirected to 0x48331d0 (_vgnU_ifunc_wrapper)
--60699-- REDIR: 0x4c03630 (libc.so.6:strlen) redirected to 0x48331d0 (_vgnU_ifunc_wrapper)
--60699-- REDIR: 0x4c0cbb0 (libc.so.6:memrchr) redirected to 0x48331d0 (_vgnU_ifunc_wrapper)
--60699-- REDIR: 0x4c04850 (libc.so.6:strcasecmp_l) redirected to 0x48331d0 (_vgnU_ifunc_wrapper)
--60699-- REDIR: 0x4c043d0 (libc.so.6:memchr) redirected to 0x48331d0 (_vgnU_ifunc_wrapper)
--60699-- REDIR: 0x4c20930 (libc.so.6:wcslen) redirected to 0x48331d0 (_vgnU_ifunc_wrapper)
--60699-- REDIR: 0x4c03ae0 (libc.so.6:strspn) redirected to 0x48331d0 (_vgnU_ifunc_wrapper)
--60699-- REDIR: 0x4c04750 (libc.so.6:stpncpy) redirected to 0x48331d0 (_vgnU_ifunc_wrapper)
--60699-- REDIR: 0x4c046f0 (libc.so.6:stpcpy) redirected to 0x48331d0 (_vgnU_ifunc_wrapper)
--60699-- REDIR: 0x4c05c90 (libc.so.6:strchrnul) redirected to 0x48331d0 (_vgnU_ifunc_wrapper)
--60699-- REDIR: 0x4c048a0 (libc.so.6:strncasecmp_l) redirected to 0x48331d0 (_vgnU_ifunc_wrapper)
--60699-- REDIR: 0x4c91a70 (libc.so.6:__memcpy_chk) redirected to 0x48331d0 (_vgnU_ifunc_wrapper)
--60699-- REDIR: 0x4c042f0 (libc.so.6:strstr) redirected to 0x48331d0 (_vgnU_ifunc_wrapper)
--60699-- REDIR: 0x4cec730 (libc.so.6:__strrchr_avx2) redirected to 0x483ea10 (rindex)
--60699-- REDIR: 0x4cec900 (libc.so.6:__strlen_avx2) redirected to 0x483ef40 (strlen)
--60699-- REDIR: 0x4bfe0e0 (libc.so.6:malloc) redirected to 0x483b780 (malloc)
--60699-- REDIR: 0x4c03fa0 (libc.so.6:__GI_strstr) redirected to 0x4843ca0 (__strstr_sse2)
--60699-- REDIR: 0x4bfe6d0 (libc.so.6:free) redirected to 0x483c9d0 (free)
--60699-- REDIR: 0x4cec310 (libc.so.6:__strchr_avx2) redirected to 0x483ebf0 (index)
--60699-- REDIR: 0x4cef8f0 (libc.so.6:__mempcpy_avx_unaligned_erms) redirected to 0x4843660 (mempcpy)
--60699-- REDIR: 0x4cef910 (libc.so.6:__memcpy_avx_unaligned_erms) redirected to 0x48429f0 (memmove)
--60699-- REDIR: 0x4cec540 (libc.so.6:__strchrnul_avx2) redirected to 0x4843540 (strchrnul)
--60699-- REDIR: 0x4ce8ef0 (libc.so.6:__memcmp_avx2_movbe) redirected to 0x48421e0 (bcmp)
--60699-- REDIR: 0x4ce7df0 (libc.so.6:__strcmp_avx2) redirected to 0x483fed0 (strcmp)
--60699-- REDIR: 0x4cefd90 (libc.so.6:__memset_avx2_unaligned_erms) redirected to 0x48428e0 (memset)
--60699-- REDIR: 0x4c04fc0 (libc.so.6:strcasestr) redirected to 0x4843f80 (strcasestr)
--60699-- REDIR: 0x4bfee80 (libc.so.6:realloc) redirected to 0x483df30 (realloc)
--60701-- REDIR: 0x4bffb10 (libc.so.6:calloc) redirected to 0x483dce0 (calloc)
--60702-- REDIR: 0x4bffb10 (libc.so.6:calloc) redirected to 0x483dce0 (calloc)
--60699-- REDIR: 0x4bffb10 (libc.so.6:calloc) redirected to 0x483dce0 (calloc)
--60700-- REDIR: 0x4bffb10 (libc.so.6:calloc) redirected to 0x483dce0 (calloc)
--60700-- Reading syms from /usr/lib/x86_64-linux-gnu/libgcc_s.so.1
--60700--    object doesn't have a symbol table
--60700-- Discarding syms at 0x617c5e0-0x618d055 in /usr/lib/x86_64-linux-gnu/libgcc_s.so.1 (have_dinfo 1)
==60700== 
==60700== HEAP SUMMARY:
==60700==     in use at exit: 827 bytes in 11 blocks
==60700==   total heap usage: 163 allocs, 152 frees, 21,716 bytes allocated
==60700== 
==60700== Searching for pointers to 11 not-freed blocks
==60700== Checked 165,472 bytes
==60700== 
==60700== LEAK SUMMARY:
==60700==    definitely lost: 0 bytes in 0 blocks
==60700==    indirectly lost: 0 bytes in 0 blocks
==60700==      possibly lost: 0 bytes in 0 blocks
==60700==    still reachable: 827 bytes in 11 blocks
==60700==         suppressed: 0 bytes in 0 blocks
==60700== Rerun with --leak-check=full to see details of leaked memory
==60700== 
==60700== ERROR SUMMARY: 0 errors from 0 contexts (suppressed: 0 from 0)
==60702== 
==60702== HEAP SUMMARY:
==60702==     in use at exit: 827 bytes in 11 blocks
==60702==   total heap usage: 130 allocs, 119 frees, 18,991 bytes allocated
==60702== 
==60702== Searching for pointers to 11 not-freed blocks
==60702== Checked 166,592 bytes
==60702== 
==60702== LEAK SUMMARY:
==60702==    definitely lost: 0 bytes in 0 blocks
==60702==    indirectly lost: 0 bytes in 0 blocks
==60702==      possibly lost: 0 bytes in 0 blocks
==60702==    still reachable: 827 bytes in 11 blocks
==60702==         suppressed: 0 bytes in 0 blocks
==60702== Rerun with --leak-check=full to see details of leaked memory
==60702== 
==60702== ERROR SUMMARY: 0 errors from 0 contexts (suppressed: 0 from 0)
==60701== 
==60701== HEAP SUMMARY:
==60701==     in use at exit: 1,768 bytes in 12 blocks
==60701==   total heap usage: 10,721 allocs, 10,709 frees, 9,995,696 bytes allocated
==60701== 
==60701== Searching for pointers to 12 not-freed blocks
==60701== Checked 167,688 bytes
==60701== 
==60701== LEAK SUMMARY:
==60701==    definitely lost: 0 bytes in 0 blocks
==60701==    indirectly lost: 0 bytes in 0 blocks
==60701==      possibly lost: 0 bytes in 0 blocks
==60701==    still reachable: 1,768 bytes in 12 blocks
==60701==         suppressed: 0 bytes in 0 blocks
==60701== Rerun with --leak-check=full to see details of leaked memory
==60701== 
==60701== ERROR SUMMARY: 0 errors from 0 contexts (suppressed: 0 from 0)
==60699== 
==60699== HEAP SUMMARY:
==60699==     in use at exit: 0 bytes in 0 blocks
==60699==   total heap usage: 173 allocs, 173 frees, 19,258 bytes allocated
==60699== 
==60699== All heap blocks were freed -- no leaks are possible
==60699== 
==60699== ERROR SUMMARY: 0 errors from 0 contexts (suppressed: 0 from 0)
